# JRE version: Java(TM) SE Runtime Environment (8.0_221-b11) (build 1.8.0_221-b11)
# Java VM: Java HotSpot(TM) 64-Bit Server VM (25.221-b11 mixed mode windows-amd64 compressed oops)
Heap:
 PSYoungGen      total 678400K, used 245569K [0x000000076b200000, 0x0000000797f80000, 0x00000007c0000000)
  eden space 659456K, 34% used [0x000000076b200000,0x0000000778f94b40,0x0000000793600000)
  from space 18944K, 98% used [0x0000000796d00000,0x0000000797f3b900,0x0000000797f80000)
  to   space 24576K, 0% used [0x0000000794f80000,0x0000000794f80000,0x0000000796780000)
 ParOldGen       total 197120K, used 42556K [0x00000006c1600000, 0x00000006cd680000, 0x000000076b200000)
  object space 197120K, 21% used [0x00000006c1600000,0x00000006c3f8f3d8,0x00000006cd680000)
 Metaspace       used 73441K, capacity 78154K, committed 78464K, reserved 1116160K
  class space    used 9927K, capacity 10775K, committed 10880K, reserved 1048576K
GC Heap History (10 events):
Event: 9.584 GC heap before
{Heap before GC invocations=13 (full 2):
 PSYoungGen      total 385024K, used 382314K [0x000000076b200000, 0x0000000783f80000, 0x00000007c0000000)
  eden space 372224K, 100% used [0x000000076b200000,0x0000000781d80000,0x0000000781d80000)
  from space 12800K, 78% used [0x0000000783300000,0x0000000783cdaa80,0x0000000783f80000)
  to   space 17408K, 0% used [0x0000000781d80000,0x0000000781d80000,0x0000000782e80000)
 ParOldGen       total 141312K, used 17727K [0x00000006c1600000, 0x00000006ca000000, 0x000000076b200000)
  object space 141312K, 12% used [0x00000006c1600000,0x00000006c274fca8,0x00000006ca000000)
 Metaspace       used 49339K, capacity 51996K, committed 52224K, reserved 1093632K
  class space    used 6658K, capacity 7153K, committed 7168K, reserved 1048576K
Event: 9.601 GC heap after
Heap after GC invocations=13 (full 2):
 PSYoungGen      total 389632K, used 10805K [0x000000076b200000, 0x000000078ae80000, 0x00000007c0000000)
  eden space 372224K, 0% used [0x000000076b200000,0x000000076b200000,0x0000000781d80000)
  from space 17408K, 62% used [0x0000000781d80000,0x000000078280d490,0x0000000782e80000)
  to   space 16896K, 0% used [0x0000000789e00000,0x0000000789e00000,0x000000078ae80000)
 ParOldGen       total 141312K, used 26740K [0x00000006c1600000, 0x00000006ca000000, 0x000000076b200000)
  object space 141312K, 18% used [0x00000006c1600000,0x00000006c301d0b0,0x00000006ca000000)
 Metaspace       used 49339K, capacity 51996K, committed 52224K, reserved 1093632K
  class space    used 6658K, capacity 7153K, committed 7168K, reserved 1048576K
}
Event: 11.347 GC heap before
{Heap before GC invocations=14 (full 2):
 PSYoungGen      total 389632K, used 383029K [0x000000076b200000, 0x000000078ae80000, 0x00000007c0000000)
  eden space 372224K, 100% used [0x000000076b200000,0x0000000781d80000,0x0000000781d80000)
  from space 17408K, 62% used [0x0000000781d80000,0x000000078280d490,0x0000000782e80000)
  to   space 16896K, 0% used [0x0000000789e00000,0x0000000789e00000,0x000000078ae80000)
 ParOldGen       total 141312K, used 26740K [0x00000006c1600000, 0x00000006ca000000, 0x000000076b200000)
  object space 141312K, 18% used [0x00000006c1600000,0x00000006c301d0b0,0x00000006ca000000)
 Metaspace       used 55259K, capacity 58454K, committed 58624K, reserved 1099776K
  class space    used 7502K, capacity 8085K, committed 8192K, reserved 1048576K
Event: 11.369 GC heap after
Heap after GC invocations=14 (full 2):
 PSYoungGen      total 498688K, used 16876K [0x000000076b200000, 0x000000078b580000, 0x00000007c0000000)
  eden space 481792K, 0% used [0x000000076b200000,0x000000076b200000,0x0000000788880000)
  from space 16896K, 99% used [0x0000000789e00000,0x000000078ae7b230,0x000000078ae80000)
  to   space 22016K, 0% used [0x0000000788880000,0x0000000788880000,0x0000000789e00000)
 ParOldGen       total 141312K, used 36352K [0x00000006c1600000, 0x00000006ca000000, 0x000000076b200000)
  object space 141312K, 25% used [0x00000006c1600000,0x00000006c39801c8,0x00000006ca000000)
 Metaspace       used 55259K, capacity 58454K, committed 58624K, reserved 1099776K
  class space    used 7502K, capacity 8085K, committed 8192K, reserved 1048576K
}
Event: 11.438 GC heap before
{Heap before GC invocations=15 (full 2):
 PSYoungGen      total 498688K, used 37892K [0x000000076b200000, 0x000000078b580000, 0x00000007c0000000)
  eden space 481792K, 4% used [0x000000076b200000,0x000000076c686150,0x0000000788880000)
  from space 16896K, 99% used [0x0000000789e00000,0x000000078ae7b230,0x000000078ae80000)
  to   space 22016K, 0% used [0x0000000788880000,0x0000000788880000,0x0000000789e00000)
 ParOldGen       total 141312K, used 36352K [0x00000006c1600000, 0x00000006ca000000, 0x000000076b200000)
  object space 141312K, 25% used [0x00000006c1600000,0x00000006c39801c8,0x00000006ca000000)
 Metaspace       used 55803K, capacity 58992K, committed 59028K, reserved 1099776K
  class space    used 7562K, capacity 8156K, committed 8192K, reserved 1048576K
Event: 11.447 GC heap after
Heap after GC invocations=15 (full 2):
 PSYoungGen      total 503808K, used 917K [0x000000076b200000, 0x0000000798380000, 0x00000007c0000000)
  eden space 481792K, 0% used [0x000000076b200000,0x000000076b200000,0x0000000788880000)
  from space 22016K, 4% used [0x0000000788880000,0x0000000788965718,0x0000000789e00000)
  to   space 23040K, 0% used [0x0000000796d00000,0x0000000796d00000,0x0000000798380000)
 ParOldGen       total 141312K, used 45296K [0x00000006c1600000, 0x00000006ca000000, 0x000000076b200000)
  object space 141312K, 32% used [0x00000006c1600000,0x00000006c423c300,0x00000006ca000000)
 Metaspace       used 55803K, capacity 58992K, committed 59028K, reserved 1099776K
  class space    used 7562K, capacity 8156K, committed 8192K, reserved 1048576K
}
Event: 11.447 GC heap before
{Heap before GC invocations=16 (full 3):
 PSYoungGen      total 503808K, used 917K [0x000000076b200000, 0x0000000798380000, 0x00000007c0000000)
  eden space 481792K, 0% used [0x000000076b200000,0x000000076b200000,0x0000000788880000)
  from space 22016K, 4% used [0x0000000788880000,0x0000000788965718,0x0000000789e00000)
  to   space 23040K, 0% used [0x0000000796d00000,0x0000000796d00000,0x0000000798380000)
 ParOldGen       total 141312K, used 45296K [0x00000006c1600000, 0x00000006ca000000, 0x000000076b200000)
  object space 141312K, 32% used [0x00000006c1600000,0x00000006c423c300,0x00000006ca000000)
 Metaspace       used 55803K, capacity 58992K, committed 59028K, reserved 1099776K
  class space    used 7562K, capacity 8156K, committed 8192K, reserved 1048576K
Event: 11.660 GC heap after
Heap after GC invocations=16 (full 3):
 PSYoungGen      total 503808K, used 0K [0x000000076b200000, 0x0000000798380000, 0x00000007c0000000)
  eden space 481792K, 0% used [0x000000076b200000,0x000000076b200000,0x0000000788880000)
  from space 22016K, 0% used [0x0000000788880000,0x0000000788880000,0x0000000789e00000)
  to   space 23040K, 0% used [0x0000000796d00000,0x0000000796d00000,0x0000000798380000)
 ParOldGen       total 197120K, used 42548K [0x00000006c1600000, 0x00000006cd680000, 0x000000076b200000)
  object space 197120K, 21% used [0x00000006c1600000,0x00000006c3f8d3d8,0x00000006cd680000)
 Metaspace       used 55803K, capacity 58992K, committed 59028K, reserved 1099776K
  class space    used 7562K, capacity 8156K, committed 8192K, reserved 1048576K
}
Event: 14.288 GC heap before
{Heap before GC invocations=17 (full 3):
 PSYoungGen      total 503808K, used 481792K [0x000000076b200000, 0x0000000798380000, 0x00000007c0000000)
  eden space 481792K, 100% used [0x000000076b200000,0x0000000788880000,0x0000000788880000)
  from space 22016K, 0% used [0x0000000788880000,0x0000000788880000,0x0000000789e00000)
  to   space 23040K, 0% used [0x0000000796d00000,0x0000000796d00000,0x0000000798380000)
 ParOldGen       total 197120K, used 42548K [0x00000006c1600000, 0x00000006cd680000, 0x000000076b200000)
  object space 197120K, 21% used [0x00000006c1600000,0x00000006c3f8d3d8,0x00000006cd680000)
 Metaspace       used 63372K, capacity 67664K, committed 67840K, reserved 1107968K
  class space    used 8659K, capacity 9472K, committed 9472K, reserved 1048576K
Event: 14.307 GC heap after
Heap after GC invocations=17 (full 3):
 PSYoungGen      total 678400K, used 18670K [0x000000076b200000, 0x0000000797f80000, 0x00000007c0000000)
  eden space 659456K, 0% used [0x000000076b200000,0x000000076b200000,0x0000000793600000)
  from space 18944K, 98% used [0x0000000796d00000,0x0000000797f3b900,0x0000000797f80000)
  to   space 24576K, 0% used [0x0000000794f80000,0x0000000794f80000,0x0000000796780000)
 ParOldGen       total 197120K, used 42556K [0x00000006c1600000, 0x00000006cd680000, 0x000000076b200000)
  object space 197120K, 21% used [0x00000006c1600000,0x00000006c3f8f3d8,0x00000006cd680000)
 Metaspace       used 63372K, capacity 67664K, committed 67840K, reserved 1107968K
  class space    used 8659K, capacity 9472K, committed 9472K, reserved 1048576K
}

